<?xml version="1.0" encoding="UTF-8" standalone="no"?>
<testsuite failures="0" name="cucumber.runtime.formatter.JUnitFormatter" skipped="0" tests="2" time="419.595959">
<testcase classname="CreateNewUser" name="Create a new user in buildxact application" time="209.299209">
<system-out><![CDATA[Given I launch "Chrome" browser session.....................................passed
When I navigate to Buildxact application....................................passed
And I login to Buildxact application as per "TestCase1".....................passed
Then I verify if the login is successful or not.............................passed
Then I navigate to My Business and fill and submit the new user form as per "TestCase1".passed
And I logout from Buildxact application.....................................passed
Then I navigate to the user's mailbox, open the Welcome mail, activate the user account as per "TestCase1".passed
And I verify if the login is successful or not..............................passed
]]></system-out>
</testcase>
<testcase classname="CreateNewUser" name="Create a new user in buildxact application 2" time="210.29675">
<system-out><![CDATA[Given I launch "Chrome" browser session.....................................passed
When I navigate to Buildxact application....................................passed
And I login to Buildxact application as per "TestCase2".....................passed
Then I verify if the login is successful or not.............................passed
Then I navigate to My Business and fill and submit the new user form as per "TestCase2".passed
And I logout from Buildxact application.....................................passed
Then I navigate to the user's mailbox, open the Welcome mail, activate the user account as per "TestCase2".passed
And I verify if the login is successful or not..............................passed
]]></system-out>
</testcase>
</testsuite>
